<?xml version="1.0" encoding="UTF-8"?>
<!-- Generated by org.testng.reporters.JUnitXMLReporter -->
<testsuite hostname="gajendra-pc" ignored="0" name="FREE CRM Test" tests="1" failures="1" timestamp="29 Jun 2019 22:21:06 GMT" time="15.104" errors="0">
  <testcase name="feature" time="14.745" classname="MyRunner.TestRunner">
    <failure type="cucumber.runtime.CucumberException" message="java.lang.AssertionError: expected [CRM] but found [CRMPRO]">
      <![CDATA[cucumber.runtime.CucumberException: java.lang.AssertionError: expected [CRM] but found [CRMPRO]
at cucumber.api.testng.TestNGCucumberRunner.runCucumber(TestNGCucumberRunner.java:69)
at MyRunner.TestRunner.feature(TestRunner.java:36)
at java.util.concurrent.FutureTask.run(FutureTask.java:266)
at java.util.concurrent.ThreadPoolExecutor.runWorker(ThreadPoolExecutor.java:1149)
at java.util.concurrent.ThreadPoolExecutor$Worker.run(ThreadPoolExecutor.java:624)
at java.lang.Thread.run(Thread.java:748)
Caused by: java.lang.AssertionError: expected [CRM] but found [CRMPRO]
at stepDefinitions.LoginStepDefinition.user_is_on_hopme_page(LoginStepDefinition.java:57)
at âœ½.Then user is on home page(login.feature:9)
... Removed 22 stack frames]]>
    </failure>
  </testcase> <!-- feature -->
</testsuite> <!-- FREE CRM Test -->
